# JRE version: Java(TM) SE Runtime Environment (8.0_151-b12) (build 1.8.0_151-b12)
# Java VM: Java HotSpot(TM) 64-Bit Server VM (25.151-b12 mixed mode bsd-amd64 compressed oops)
Heap:
 PSYoungGen      total 32256K, used 1282K [0x0000000795580000, 0x0000000797a80000, 0x00000007c0000000)
  eden space 31744K, 2% used [0x0000000795580000,0x0000000795640820,0x0000000797480000)
  from space 512K, 100% used [0x0000000797680000,0x0000000797700000,0x0000000797700000)
  to   space 3072K, 0% used [0x0000000797780000,0x0000000797780000,0x0000000797a80000)
 ParOldGen       total 87552K, used 2107K [0x0000000740000000, 0x0000000745580000, 0x0000000795580000)
  object space 87552K, 2% used [0x0000000740000000,0x000000074020ee78,0x0000000745580000)
 Metaspace       used 10405K, capacity 10684K, committed 10880K, reserved 1058816K
  class space    used 1239K, capacity 1328K, committed 1408K, reserved 1048576K
GC Heap History (10 events):
Event: 3939.005 GC heap before
{Heap before GC invocations=3 (full 0):
 PSYoungGen      total 38400K, used 35584K [0x0000000795580000, 0x0000000798000000, 0x00000007c0000000)
  eden space 33280K, 100% used [0x0000000795580000,0x0000000797600000,0x0000000797600000)
  from space 5120K, 45% used [0x0000000797b00000,0x0000000797d40000,0x0000000798000000)
  to   space 5120K, 0% used [0x0000000797600000,0x0000000797600000,0x0000000797b00000)
 ParOldGen       total 87552K, used 24K [0x0000000740000000, 0x0000000745580000, 0x0000000795580000)
  object space 87552K, 0% used [0x0000000740000000,0x0000000740006000,0x0000000745580000)
 Metaspace       used 10390K, capacity 10684K, committed 10880K, reserved 1058816K
  class space    used 1239K, capacity 1328K, committed 1408K, reserved 1048576K
Event: 3939.008 GC heap after
Heap after GC invocations=3 (full 0):
 PSYoungGen      total 38400K, used 2208K [0x0000000795580000, 0x0000000798000000, 0x00000007c0000000)
  eden space 33280K, 0% used [0x0000000795580000,0x0000000795580000,0x0000000797600000)
  from space 5120K, 43% used [0x0000000797600000,0x0000000797828000,0x0000000797b00000)
  to   space 5120K, 0% used [0x0000000797b00000,0x0000000797b00000,0x0000000798000000)
 ParOldGen       total 87552K, used 32K [0x0000000740000000, 0x0000000745580000, 0x0000000795580000)
  object space 87552K, 0% used [0x0000000740000000,0x0000000740008000,0x0000000745580000)
 Metaspace       used 10390K, capacity 10684K, committed 10880K, reserved 1058816K
  class space    used 1239K, capacity 1328K, committed 1408K, reserved 1048576K
}
Event: 3940.528 GC heap before
{Heap before GC invocations=4 (full 0):
 PSYoungGen      total 38400K, used 35488K [0x0000000795580000, 0x0000000798000000, 0x00000007c0000000)
  eden space 33280K, 100% used [0x0000000795580000,0x0000000797600000,0x0000000797600000)
  from space 5120K, 43% used [0x0000000797600000,0x0000000797828000,0x0000000797b00000)
  to   space 5120K, 0% used [0x0000000797b00000,0x0000000797b00000,0x0000000798000000)
 ParOldGen       total 87552K, used 32K [0x0000000740000000, 0x0000000745580000, 0x0000000795580000)
  object space 87552K, 0% used [0x0000000740000000,0x0000000740008000,0x0000000745580000)
 Metaspace       used 10392K, capacity 10684K, committed 10880K, reserved 1058816K
  class space    used 1239K, capacity 1328K, committed 1408K, reserved 1048576K
Event: 3940.542 GC heap after
Heap after GC invocations=4 (full 0):
 PSYoungGen      total 38400K, used 2192K [0x0000000795580000, 0x0000000798000000, 0x00000007c0000000)
  eden space 33280K, 0% used [0x0000000795580000,0x0000000795580000,0x0000000797600000)
  from space 5120K, 42% used [0x0000000797b00000,0x0000000797d24010,0x0000000798000000)
  to   space 5120K, 0% used [0x0000000797600000,0x0000000797600000,0x0000000797b00000)
 ParOldGen       total 87552K, used 40K [0x0000000740000000, 0x0000000745580000, 0x0000000795580000)
  object space 87552K, 0% used [0x0000000740000000,0x000000074000a000,0x0000000745580000)
 Metaspace       used 10392K, capacity 10684K, committed 10880K, reserved 1058816K
  class space    used 1239K, capacity 1328K, committed 1408K, reserved 1048576K
}
Event: 5526.991 GC heap before
{Heap before GC invocations=5 (full 0):
 PSYoungGen      total 38400K, used 35472K [0x0000000795580000, 0x0000000798000000, 0x00000007c0000000)
  eden space 33280K, 100% used [0x0000000795580000,0x0000000797600000,0x0000000797600000)
  from space 5120K, 42% used [0x0000000797b00000,0x0000000797d24010,0x0000000798000000)
  to   space 5120K, 0% used [0x0000000797600000,0x0000000797600000,0x0000000797b00000)
 ParOldGen       total 87552K, used 40K [0x0000000740000000, 0x0000000745580000, 0x0000000795580000)
  object space 87552K, 0% used [0x0000000740000000,0x000000074000a000,0x0000000745580000)
 Metaspace       used 10392K, capacity 10684K, committed 10880K, reserved 1058816K
  class space    used 1239K, capacity 1328K, committed 1408K, reserved 1048576K
Event: 5526.997 GC heap after
Heap after GC invocations=5 (full 0):
 PSYoungGen      total 35328K, used 2224K [0x0000000795580000, 0x0000000797b80000, 0x00000007c0000000)
  eden space 32768K, 0% used [0x0000000795580000,0x0000000795580000,0x0000000797580000)
  from space 2560K, 86% used [0x0000000797600000,0x000000079782c010,0x0000000797880000)
  to   space 2560K, 0% used [0x0000000797900000,0x0000000797900000,0x0000000797b80000)
 ParOldGen       total 87552K, used 48K [0x0000000740000000, 0x0000000745580000, 0x0000000795580000)
  object space 87552K, 0% used [0x0000000740000000,0x000000074000c000,0x0000000745580000)
 Metaspace       used 10392K, capacity 10684K, committed 10880K, reserved 1058816K
  class space    used 1239K, capacity 1328K, committed 1408K, reserved 1048576K
}
Event: 7861.784 GC heap before
{Heap before GC invocations=6 (full 0):
 PSYoungGen      total 35328K, used 34992K [0x0000000795580000, 0x0000000797b80000, 0x00000007c0000000)
  eden space 32768K, 100% used [0x0000000795580000,0x0000000797580000,0x0000000797580000)
  from space 2560K, 86% used [0x0000000797600000,0x000000079782c010,0x0000000797880000)
  to   space 2560K, 0% used [0x0000000797900000,0x0000000797900000,0x0000000797b80000)
 ParOldGen       total 87552K, used 48K [0x0000000740000000, 0x0000000745580000, 0x0000000795580000)
  object space 87552K, 0% used [0x0000000740000000,0x000000074000c000,0x0000000745580000)
 Metaspace       used 10394K, capacity 10684K, committed 10880K, reserved 1058816K
  class space    used 1239K, capacity 1328K, committed 1408K, reserved 1048576K
Event: 7861.789 GC heap after
Heap after GC invocations=6 (full 0):
 PSYoungGen      total 34816K, used 2416K [0x0000000795580000, 0x0000000797b80000, 0x00000007c0000000)
  eden space 32256K, 0% used [0x0000000795580000,0x0000000795580000,0x0000000797500000)
  from space 2560K, 94% used [0x0000000797900000,0x0000000797b5c010,0x0000000797b80000)
  to   space 2560K, 0% used [0x0000000797680000,0x0000000797680000,0x0000000797900000)
 ParOldGen       total 87552K, used 48K [0x0000000740000000, 0x0000000745580000, 0x0000000795580000)
  object space 87552K, 0% used [0x0000000740000000,0x000000074000c000,0x0000000745580000)
 Metaspace       used 10394K, capacity 10684K, committed 10880K, reserved 1058816K
  class space    used 1239K, capacity 1328K, committed 1408K, reserved 1048576K
}
Event: 8767.424 GC heap before
{Heap before GC invocations=7 (full 0):
 PSYoungGen      total 34816K, used 34672K [0x0000000795580000, 0x0000000797b80000, 0x00000007c0000000)
  eden space 32256K, 100% used [0x0000000795580000,0x0000000797500000,0x0000000797500000)
  from space 2560K, 94% used [0x0000000797900000,0x0000000797b5c010,0x0000000797b80000)
  to   space 2560K, 0% used [0x0000000797680000,0x0000000797680000,0x0000000797900000)
 ParOldGen       total 87552K, used 48K [0x0000000740000000, 0x0000000745580000, 0x0000000795580000)
  object space 87552K, 0% used [0x0000000740000000,0x000000074000c000,0x0000000745580000)
 Metaspace       used 10404K, capacity 10684K, committed 10880K, reserved 1058816K
  class space    used 1239K, capacity 1328K, committed 1408K, reserved 1048576K
Event: 8767.451 GC heap after
Heap after GC invocations=7 (full 0):
 PSYoungGen      total 32256K, used 512K [0x0000000795580000, 0x0000000797a80000, 0x00000007c0000000)
  eden space 31744K, 0% used [0x0000000795580000,0x0000000795580000,0x0000000797480000)
  from space 512K, 100% used [0x0000000797680000,0x0000000797700000,0x0000000797700000)
  to   space 3072K, 0% used [0x0000000797780000,0x0000000797780000,0x0000000797a80000)
 ParOldGen       total 87552K, used 2107K [0x0000000740000000, 0x0000000745580000, 0x0000000795580000)
  object space 87552K, 2% used [0x0000000740000000,0x000000074020ee78,0x0000000745580000)
 Metaspace       used 10404K, capacity 10684K, committed 10880K, reserved 1058816K
  class space    used 1239K, capacity 1328K, committed 1408K, reserved 1048576K
}

